TN:
SF:src\index.ts
FNF:0
FNH:0
DA:1,1
DA:2,1
DA:3,1
DA:4,1
DA:5,1
DA:6,1
DA:7,1
DA:8,1
DA:9,1
DA:10,1
DA:11,1
LF:11
LH:11
BRF:0
BRH:0
end_of_record
TN:
SF:src\modules\users\model\User.ts
FN:11,User
FNF:1
FNH:1
FNDA:12,User
DA:1,1
DA:2,1
DA:3,3
DA:4,3
DA:5,3
DA:6,3
DA:7,3
DA:8,3
DA:9,3
DA:10,3
DA:11,3
DA:12,12
DA:13,12
DA:14,12
DA:15,12
DA:16,12
DA:17,3
DA:18,1
DA:19,1
LF:19
LH:19
BRDA:3,0,0,3
BRDA:11,1,0,12
BRF:2
BRH:2
end_of_record
TN:
SF:src\modules\users\repositories\implementations\UsersRepository.ts
FN:9,UsersRepository
FN:13,Object.<anonymous>.UsersRepository.getInstance
FN:21,Object.<anonymous>.UsersRepository.create
FN:37,Object.<anonymous>.UsersRepository.findById
FN:43,Object.<anonymous>.UsersRepository.findByEmail
FN:50,Object.<anonymous>.UsersRepository.turnAdmin
FN:66,Object.<anonymous>.UsersRepository.list
FNF:7
FNH:7
FNDA:3,UsersRepository
FNDA:11,Object.<anonymous>.UsersRepository.getInstance
FNDA:12,Object.<anonymous>.UsersRepository.create
FNDA:13,Object.<anonymous>.UsersRepository.findById
FNDA:5,Object.<anonymous>.UsersRepository.findByEmail
FNDA:6,Object.<anonymous>.UsersRepository.turnAdmin
FNDA:2,Object.<anonymous>.UsersRepository.list
DA:1,1
DA:2,1
DA:3,1
DA:4,3
DA:5,3
DA:6,3
DA:7,3
DA:8,3
DA:9,3
DA:10,3
DA:11,3
DA:12,3
DA:13,3
DA:14,11
DA:15,3
DA:16,3
DA:17,11
DA:18,11
DA:19,11
DA:20,3
DA:21,3
DA:22,12
DA:23,12
DA:24,12
DA:25,12
DA:26,12
DA:27,12
DA:28,12
DA:29,12
DA:30,12
DA:31,12
DA:32,12
DA:33,12
DA:34,12
DA:35,12
DA:36,3
DA:37,3
DA:38,13
DA:39,13
DA:40,13
DA:41,13
DA:42,3
DA:43,3
DA:44,5
DA:45,5
DA:46,5
DA:47,5
DA:48,5
DA:49,3
DA:50,3
DA:51,6
DA:52,6
DA:53,6
DA:54,6
DA:55,6
DA:56,6
DA:57,6
DA:58,6
DA:59,6
DA:60,6
DA:61,6
DA:62,6
DA:63,6
DA:64,6
DA:65,3
DA:66,3
DA:67,2
DA:68,2
DA:69,3
DA:70,1
DA:71,1
LF:71
LH:71
BRDA:4,0,0,3
BRDA:9,1,0,3
BRDA:13,2,0,11
BRDA:14,3,0,3
BRDA:21,4,0,12
BRDA:37,5,0,13
BRDA:38,6,0,50
BRDA:43,7,0,5
BRDA:44,8,0,3
BRDA:50,9,0,6
BRDA:51,10,0,11
BRDA:66,11,0,2
BRF:12
BRH:12
end_of_record
TN:
SF:src\modules\users\useCases\createUser\CreateUserController.ts
FN:7,CreateUserController
FN:9,Object.<anonymous>.CreateUserController.handle
FNF:2
FNH:2
FNDA:1,CreateUserController
FNDA:2,Object.<anonymous>.CreateUserController.handle
DA:1,1
DA:2,1
DA:3,1
DA:4,1
DA:5,1
DA:6,1
DA:7,1
DA:8,1
DA:9,1
DA:10,2
DA:11,2
DA:12,2
DA:13,2
DA:14,2
DA:15,2
DA:16,1
DA:17,1
DA:18,1
LF:18
LH:18
BRDA:6,0,0,1
BRDA:7,1,0,1
BRDA:9,2,0,2
BRF:3
BRH:3
end_of_record
TN:
SF:src\modules\users\useCases\createUser\CreateUserUseCase.ts
FN:11,CreateUserUseCase
FN:13,Object.<anonymous>.CreateUserUseCase.execute
FNF:2
FNH:2
FNDA:2,CreateUserUseCase
FNDA:4,Object.<anonymous>.CreateUserUseCase.execute
DA:1,1
DA:2,1
DA:3,1
DA:4,1
DA:5,1
DA:6,1
DA:7,1
DA:8,1
DA:9,1
DA:10,2
DA:11,2
DA:12,2
DA:13,2
DA:14,4
DA:15,4
DA:16,4
DA:17,2
DA:18,2
DA:19,2
DA:20,2
DA:21,2
DA:22,2
DA:23,2
DA:24,2
DA:25,2
DA:26,1
DA:27,1
LF:27
LH:27
BRDA:10,0,0,2
BRDA:11,1,0,2
BRDA:13,2,0,4
BRDA:16,3,0,2
BRF:4
BRH:4
end_of_record
TN:
SF:src\modules\users\useCases\createUser\index.ts
FNF:0
FNH:0
DA:1,1
DA:2,1
DA:3,1
DA:4,1
DA:5,1
DA:6,1
DA:7,1
DA:8,1
DA:9,1
LF:9
LH:9
BRF:0
BRH:0
end_of_record
TN:
SF:src\modules\users\useCases\listAllUsers\ListAllUsersController.ts
FN:7,ListAllUsersController
FN:9,Object.<anonymous>.ListAllUsersController.handle
FNF:2
FNH:2
FNDA:1,ListAllUsersController
FNDA:4,Object.<anonymous>.ListAllUsersController.handle
DA:1,1
DA:2,1
DA:3,1
DA:4,1
DA:5,1
DA:6,1
DA:7,1
DA:8,1
DA:9,1
DA:10,4
DA:11,4
DA:12,4
DA:13,4
DA:14,4
DA:15,4
DA:16,1
DA:17,1
DA:18,1
LF:18
LH:18
BRDA:6,0,0,1
BRDA:7,1,0,1
BRDA:9,2,0,4
BRF:3
BRH:3
end_of_record
TN:
SF:src\modules\users\useCases\listAllUsers\ListAllUsersUseCase.ts
FN:6,ListAllUsersUseCase
FN:8,Object.<anonymous>.ListAllUsersUseCase.execute
FNF:2
FNH:2
FNDA:2,ListAllUsersUseCase
FNDA:7,Object.<anonymous>.ListAllUsersUseCase.execute
DA:1,1
DA:2,1
DA:3,1
DA:4,1
DA:5,2
DA:6,2
DA:7,2
DA:8,2
DA:9,7
DA:10,7
DA:11,7
DA:12,7
DA:13,7
DA:14,0
DA:15,0
DA:16,0
DA:17,0
DA:18,0
DA:19,0
DA:20,0
DA:21,2
DA:22,1
DA:23,1
LF:23
LH:16
BRDA:5,0,0,2
BRDA:6,1,0,2
BRDA:8,2,0,7
BRDA:14,3,0,0
BRF:4
BRH:3
end_of_record
TN:
SF:src\modules\users\useCases\listAllUsers\index.ts
FNF:0
FNH:0
DA:1,1
DA:2,1
DA:3,1
DA:4,1
DA:5,1
DA:6,1
DA:7,1
DA:8,1
DA:9,1
LF:9
LH:9
BRF:0
BRH:0
end_of_record
TN:
SF:src\modules\users\useCases\showUserProfile\ShowUserProfileController.ts
FN:6,ShowUserProfileController
FN:8,Object.<anonymous>.ShowUserProfileController.handle
FNF:2
FNH:2
FNDA:1,ShowUserProfileController
FNDA:2,Object.<anonymous>.ShowUserProfileController.handle
DA:1,1
DA:2,1
DA:3,1
DA:4,1
DA:5,1
DA:6,1
DA:7,1
DA:8,1
DA:9,2
DA:10,2
DA:11,2
DA:12,2
DA:13,1
DA:14,1
DA:15,1
DA:16,0
DA:17,0
DA:18,1
DA:19,1
DA:20,1
LF:20
LH:18
BRDA:5,0,0,1
BRDA:6,1,0,1
BRDA:8,2,0,2
BRDA:12,3,0,1
BRDA:16,4,0,0
BRF:5
BRH:4
end_of_record
TN:
SF:src\modules\users\useCases\showUserProfile\ShowUserProfileUseCase.ts
FN:9,ShowUserProfileUseCase
FN:11,Object.<anonymous>.ShowUserProfileUseCase.execute
FNF:2
FNH:2
FNDA:2,ShowUserProfileUseCase
FNDA:4,Object.<anonymous>.ShowUserProfileUseCase.execute
DA:1,1
DA:2,1
DA:3,1
DA:4,1
DA:5,1
DA:6,1
DA:7,1
DA:8,2
DA:9,2
DA:10,2
DA:11,2
DA:12,4
DA:13,4
DA:14,4
DA:15,4
DA:16,2
DA:17,2
DA:18,2
DA:19,2
DA:20,2
DA:21,2
DA:22,1
DA:23,1
LF:23
LH:23
BRDA:8,0,0,2
BRDA:9,1,0,2
BRDA:11,2,0,4
BRDA:15,3,0,2
BRDA:15,4,0,2
BRF:5
BRH:5
end_of_record
TN:
SF:src\modules\users\useCases\showUserProfile\index.ts
FNF:0
FNH:0
DA:1,1
DA:2,1
DA:3,1
DA:4,1
DA:5,1
DA:6,1
DA:7,1
DA:8,1
DA:9,1
DA:10,1
DA:11,1
LF:11
LH:11
BRF:0
BRH:0
end_of_record
TN:
SF:src\modules\users\useCases\turnUserAdmin\TurnUserAdminController.ts
FN:8,TurnUserAdminController
FN:10,Object.<anonymous>.TurnUserAdminController.handle
FNF:2
FNH:2
FNDA:1,TurnUserAdminController
FNDA:2,Object.<anonymous>.TurnUserAdminController.handle
DA:1,1
DA:2,1
DA:3,1
DA:4,1
DA:5,1
DA:6,1
DA:7,1
DA:8,1
DA:9,1
DA:10,1
DA:11,2
DA:12,2
DA:13,2
DA:14,2
DA:15,2
DA:16,2
DA:17,1
DA:18,1
DA:19,1
DA:20,1
LF:20
LH:20
BRDA:7,0,0,1
BRDA:8,1,0,1
BRDA:10,2,0,2
BRF:3
BRH:3
end_of_record
TN:
SF:src\modules\users\useCases\turnUserAdmin\TurnUserAdminUseCase.ts
FN:7,TurnUserAdminUseCase
FN:9,Object.<anonymous>.TurnUserAdminUseCase.execute
FNF:2
FNH:2
FNDA:2,TurnUserAdminUseCase
FNDA:4,Object.<anonymous>.TurnUserAdminUseCase.execute
DA:1,1
DA:2,1
DA:3,1
DA:4,1
DA:5,1
DA:6,2
DA:7,2
DA:8,2
DA:9,2
DA:10,4
DA:11,4
DA:12,4
DA:13,4
DA:14,4
DA:15,4
DA:16,4
DA:17,4
DA:18,2
DA:19,1
DA:20,1
LF:20
LH:20
BRDA:6,0,0,2
BRDA:7,1,0,2
BRDA:9,2,0,4
BRF:3
BRH:3
end_of_record
TN:
SF:src\modules\users\useCases\turnUserAdmin\index.ts
FNF:0
FNH:0
DA:1,1
DA:2,1
DA:3,1
DA:4,1
DA:5,1
DA:6,1
DA:7,1
DA:8,1
DA:9,1
DA:10,1
DA:11,1
LF:11
LH:11
BRF:0
BRH:0
end_of_record
TN:
SF:src\routes\users.routes.ts
FNF:0
FNH:0
DA:1,1
DA:2,1
DA:3,1
DA:4,1
DA:5,1
DA:6,1
DA:7,1
DA:8,1
DA:9,1
DA:10,1
DA:11,2
DA:12,1
DA:13,1
DA:14,1
DA:15,2
DA:16,1
DA:17,1
DA:18,1
DA:19,2
DA:20,1
DA:21,1
DA:22,1
DA:23,4
DA:24,1
DA:25,1
DA:26,1
LF:26
LH:26
BRDA:10,0,0,2
BRDA:14,1,0,2
BRDA:18,2,0,2
BRDA:22,3,0,4
BRF:4
BRH:4
end_of_record
